*** info: (Test-plugin) Welcome to the test plugin!
*** info: Initialization successful
*** info: (Test-plugin) =>> data becoming available to the test plugin: ii
*** info: (Test-plugin) <<= data stop being available to the test plugin: ii
*** info: (Test-plugin) =>> data becoming available to the test plugin: pcoord
*** info: (Test-plugin) <<= data stop being available to the test plugin: pcoord
*** info: (Test-plugin) =>> data becoming available to the test plugin: dsize
*** info: (Test-plugin) <<= data stop being available to the test plugin: dsize
*** info: (Test-plugin) =>> data becoming available to the test plugin: psize
*** info: (Test-plugin) <<= data stop being available to the test plugin: psize
*** info: (Test-plugin) =>> data becoming available to the test plugin: main_field
*** info: (Test-plugin) <<= data stop being available to the test plugin: main_field
*** info: (Test-plugin) =>> data becoming available to the test plugin: ii
*** info: (Test-plugin) =>> data becoming available to the test plugin: main_field
*** info: (Test-plugin) <<= data stop being available to the test plugin: main_field
*** info: (Test-plugin) <<= data stop being available to the test plugin: ii
*** info: (Test-plugin) =>> data becoming available to the test plugin: ii
*** info: (Test-plugin) =>> data becoming available to the test plugin: main_field
*** info: (Test-plugin) <<= data stop being available to the test plugin: main_field
*** info: (Test-plugin) <<= data stop being available to the test plugin: ii
*** info: (Test-plugin) =>> data becoming available to the test plugin: ii
*** info: (Test-plugin) =>> data becoming available to the test plugin: main_field
*** info: (Test-plugin) <<= data stop being available to the test plugin: main_field
*** info: (Test-plugin) <<= data stop being available to the test plugin: ii
*** info: (Test-plugin) =>> data becoming available to the test plugin: main_field
*** info: (Test-plugin) =>> data becoming available to the test plugin: ii
*** info: (Test-plugin) <<= data stop being available to the test plugin: ii
*** info: (Test-plugin) <<= data stop being available to the test plugin: main_field
*** info: Finalization
*** info: (Test-plugin) Goodbye from the test plugin!
